{"/var/www/fullstackopen/frontend/src/App.js": {"path":"/var/www/fullstackopen/frontend/src/App.js","statementMap":{"0":{"start":{"line":8,"column":12},"end":{"line":172,"column":1}},"1":{"start":{"line":10,"column":28},"end":{"line":10,"column":40}},"2":{"start":{"line":12,"column":32},"end":{"line":12,"column":47}},"3":{"start":{"line":13,"column":28},"end":{"line":13,"column":40}},"4":{"start":{"line":14,"column":34},"end":{"line":14,"column":46}},"5":{"start":{"line":15,"column":34},"end":{"line":15,"column":46}},"6":{"start":{"line":16,"column":26},"end":{"line":16,"column":38}},"7":{"start":{"line":17,"column":32},"end":{"line":17,"column":46}},"8":{"start":{"line":20,"column":2},"end":{"line":27,"column":9}},"9":{"start":{"line":21,"column":4},"end":{"line":21,"column":21}},"10":{"start":{"line":23,"column":4},"end":{"line":26,"column":8}},"11":{"start":{"line":24,"column":8},"end":{"line":24,"column":24}},"12":{"start":{"line":25,"column":8},"end":{"line":25,"column":26}},"13":{"start":{"line":29,"column":2},"end":{"line":37,"column":9}},"14":{"start":{"line":30,"column":27},"end":{"line":30,"column":75}},"15":{"start":{"line":32,"column":4},"end":{"line":36,"column":5}},"16":{"start":{"line":33,"column":19},"end":{"line":33,"column":45}},"17":{"start":{"line":34,"column":6},"end":{"line":34,"column":19}},"18":{"start":{"line":35,"column":6},"end":{"line":35,"column":38}},"19":{"start":{"line":40,"column":36},"end":{"line":47,"column":3}},"20":{"start":{"line":41,"column":4},"end":{"line":46,"column":9}},"21":{"start":{"line":43,"column":8},"end":{"line":43,"column":59}},"22":{"start":{"line":43,"column":32},"end":{"line":43,"column":57}},"23":{"start":{"line":45,"column":8},"end":{"line":45,"column":24}},"24":{"start":{"line":49,"column":22},"end":{"line":74,"column":3}},"25":{"start":{"line":50,"column":4},"end":{"line":50,"column":26}},"26":{"start":{"line":53,"column":4},"end":{"line":73,"column":5}},"27":{"start":{"line":54,"column":19},"end":{"line":57,"column":8}},"28":{"start":{"line":59,"column":6},"end":{"line":61,"column":7}},"29":{"start":{"line":63,"column":6},"end":{"line":63,"column":38}},"30":{"start":{"line":65,"column":6},"end":{"line":65,"column":19}},"31":{"start":{"line":66,"column":6},"end":{"line":66,"column":21}},"32":{"start":{"line":67,"column":6},"end":{"line":67,"column":21}},"33":{"start":{"line":69,"column":6},"end":{"line":69,"column":29}},"34":{"start":{"line":70,"column":6},"end":{"line":72,"column":14}},"35":{"start":{"line":71,"column":8},"end":{"line":71,"column":22}},"36":{"start":{"line":77,"column":23},"end":{"line":81,"column":3}},"37":{"start":{"line":78,"column":4},"end":{"line":78,"column":17}},"38":{"start":{"line":79,"column":4},"end":{"line":79,"column":30}},"39":{"start":{"line":80,"column":4},"end":{"line":80,"column":55}},"40":{"start":{"line":83,"column":29},"end":{"line":100,"column":3}},"41":{"start":{"line":84,"column":17},"end":{"line":84,"column":45}},"42":{"start":{"line":84,"column":33},"end":{"line":84,"column":44}},"43":{"start":{"line":85,"column":24},"end":{"line":85,"column":63}},"44":{"start":{"line":87,"column":4},"end":{"line":99,"column":8}},"45":{"start":{"line":90,"column":8},"end":{"line":90,"column":73}},"46":{"start":{"line":90,"column":35},"end":{"line":90,"column":71}},"47":{"start":{"line":93,"column":8},"end":{"line":95,"column":9}},"48":{"start":{"line":96,"column":8},"end":{"line":98,"column":16}},"49":{"start":{"line":97,"column":10},"end":{"line":97,"column":24}},"50":{"start":{"line":102,"column":22},"end":{"line":104,"column":40}},"51":{"start":{"line":104,"column":25},"end":{"line":104,"column":39}},"52":{"start":{"line":107,"column":2},"end":{"line":171,"column":4}},"53":{"start":{"line":132,"column":27},"end":{"line":132,"column":58}},"54":{"start":{"line":135,"column":27},"end":{"line":135,"column":58}},"55":{"start":{"line":144,"column":31},"end":{"line":144,"column":51}},"56":{"start":{"line":153,"column":10},"end":{"line":157,"column":12}},"57":{"start":{"line":156,"column":36},"end":{"line":156,"column":63}}},"fnMap":{"0":{"name":"(anonymous_0)","decl":{"start":{"line":8,"column":12},"end":{"line":8,"column":13}},"loc":{"start":{"line":8,"column":23},"end":{"line":172,"column":1}},"line":8},"1":{"name":"(anonymous_1)","decl":{"start":{"line":20,"column":12},"end":{"line":20,"column":13}},"loc":{"start":{"line":20,"column":19},"end":{"line":27,"column":3}},"line":20},"2":{"name":"(anonymous_2)","decl":{"start":{"line":23,"column":30},"end":{"line":23,"column":31}},"loc":{"start":{"line":23,"column":41},"end":{"line":26,"column":7}},"line":23},"3":{"name":"(anonymous_3)","decl":{"start":{"line":29,"column":12},"end":{"line":29,"column":13}},"loc":{"start":{"line":29,"column":19},"end":{"line":37,"column":3}},"line":29},"4":{"name":"(anonymous_4)","decl":{"start":{"line":40,"column":36},"end":{"line":40,"column":37}},"loc":{"start":{"line":40,"column":52},"end":{"line":47,"column":3}},"line":40},"5":{"name":"(anonymous_5)","decl":{"start":{"line":42,"column":12},"end":{"line":42,"column":13}},"loc":{"start":{"line":42,"column":23},"end":{"line":44,"column":7}},"line":42},"6":{"name":"(anonymous_6)","decl":{"start":{"line":43,"column":17},"end":{"line":43,"column":18}},"loc":{"start":{"line":43,"column":32},"end":{"line":43,"column":57}},"line":43},"7":{"name":"(anonymous_7)","decl":{"start":{"line":44,"column":15},"end":{"line":44,"column":16}},"loc":{"start":{"line":44,"column":24},"end":{"line":46,"column":7}},"line":44},"8":{"name":"(anonymous_8)","decl":{"start":{"line":49,"column":22},"end":{"line":49,"column":23}},"loc":{"start":{"line":49,"column":39},"end":{"line":74,"column":3}},"line":49},"9":{"name":"(anonymous_9)","decl":{"start":{"line":70,"column":17},"end":{"line":70,"column":18}},"loc":{"start":{"line":70,"column":23},"end":{"line":72,"column":7}},"line":70},"10":{"name":"(anonymous_10)","decl":{"start":{"line":77,"column":23},"end":{"line":77,"column":24}},"loc":{"start":{"line":77,"column":29},"end":{"line":81,"column":3}},"line":77},"11":{"name":"(anonymous_11)","decl":{"start":{"line":83,"column":29},"end":{"line":83,"column":30}},"loc":{"start":{"line":83,"column":37},"end":{"line":100,"column":3}},"line":83},"12":{"name":"(anonymous_12)","decl":{"start":{"line":84,"column":28},"end":{"line":84,"column":29}},"loc":{"start":{"line":84,"column":33},"end":{"line":84,"column":44}},"line":84},"13":{"name":"(anonymous_13)","decl":{"start":{"line":89,"column":12},"end":{"line":89,"column":13}},"loc":{"start":{"line":89,"column":28},"end":{"line":91,"column":7}},"line":89},"14":{"name":"(anonymous_14)","decl":{"start":{"line":90,"column":27},"end":{"line":90,"column":28}},"loc":{"start":{"line":90,"column":35},"end":{"line":90,"column":71}},"line":90},"15":{"name":"(anonymous_15)","decl":{"start":{"line":92,"column":13},"end":{"line":92,"column":14}},"loc":{"start":{"line":92,"column":22},"end":{"line":99,"column":7}},"line":92},"16":{"name":"(anonymous_16)","decl":{"start":{"line":96,"column":19},"end":{"line":96,"column":20}},"loc":{"start":{"line":96,"column":25},"end":{"line":98,"column":9}},"line":96},"17":{"name":"(anonymous_17)","decl":{"start":{"line":104,"column":17},"end":{"line":104,"column":18}},"loc":{"start":{"line":104,"column":25},"end":{"line":104,"column":39}},"line":104},"18":{"name":"(anonymous_18)","decl":{"start":{"line":132,"column":16},"end":{"line":132,"column":17}},"loc":{"start":{"line":132,"column":27},"end":{"line":132,"column":58}},"line":132},"19":{"name":"(anonymous_19)","decl":{"start":{"line":135,"column":16},"end":{"line":135,"column":17}},"loc":{"start":{"line":135,"column":27},"end":{"line":135,"column":58}},"line":135},"20":{"name":"(anonymous_20)","decl":{"start":{"line":144,"column":25},"end":{"line":144,"column":26}},"loc":{"start":{"line":144,"column":31},"end":{"line":144,"column":51}},"line":144},"21":{"name":"(anonymous_21)","decl":{"start":{"line":152,"column":25},"end":{"line":152,"column":26}},"loc":{"start":{"line":153,"column":10},"end":{"line":157,"column":12}},"line":153},"22":{"name":"(anonymous_22)","decl":{"start":{"line":156,"column":30},"end":{"line":156,"column":31}},"loc":{"start":{"line":156,"column":36},"end":{"line":156,"column":63}},"line":156}},"branchMap":{"0":{"loc":{"start":{"line":32,"column":4},"end":{"line":36,"column":5}},"type":"if","locations":[{"start":{"line":32,"column":4},"end":{"line":36,"column":5}},{"start":{},"end":{}}],"line":32},"1":{"loc":{"start":{"line":90,"column":35},"end":{"line":90,"column":71}},"type":"cond-expr","locations":[{"start":{"line":90,"column":52},"end":{"line":90,"column":56}},{"start":{"line":90,"column":59},"end":{"line":90,"column":71}}],"line":90},"2":{"loc":{"start":{"line":102,"column":22},"end":{"line":104,"column":40}},"type":"cond-expr","locations":[{"start":{"line":103,"column":4},"end":{"line":103,"column":9}},{"start":{"line":104,"column":4},"end":{"line":104,"column":40}}],"line":102},"3":{"loc":{"start":{"line":111,"column":7},"end":{"line":111,"column":62}},"type":"cond-expr","locations":[{"start":{"line":111,"column":15},"end":{"line":111,"column":57}},{"start":{"line":111,"column":60},"end":{"line":111,"column":62}}],"line":111},"4":{"loc":{"start":{"line":113,"column":7},"end":{"line":113,"column":35}},"type":"cond-expr","locations":[{"start":{"line":113,"column":17},"end":{"line":113,"column":30}},{"start":{"line":113,"column":33},"end":{"line":113,"column":35}}],"line":113},"5":{"loc":{"start":{"line":116,"column":8},"end":{"line":138,"column":14}},"type":"cond-expr","locations":[{"start":{"line":117,"column":12},"end":{"line":127,"column":15}},{"start":{"line":128,"column":12},"end":{"line":138,"column":14}}],"line":116},"6":{"loc":{"start":{"line":145,"column":16},"end":{"line":145,"column":45}},"type":"cond-expr","locations":[{"start":{"line":145,"column":26},"end":{"line":145,"column":37}},{"start":{"line":145,"column":40},"end":{"line":145,"column":45}}],"line":145}},"s":{"0":0,"1":0,"2":0,"3":0,"4":0,"5":0,"6":0,"7":0,"8":0,"9":0,"10":0,"11":0,"12":0,"13":0,"14":0,"15":0,"16":0,"17":0,"18":0,"19":0,"20":0,"21":0,"22":0,"23":0,"24":0,"25":0,"26":0,"27":0,"28":0,"29":0,"30":0,"31":0,"32":0,"33":0,"34":0,"35":0,"36":0,"37":0,"38":0,"39":0,"40":0,"41":0,"42":0,"43":0,"44":0,"45":0,"46":0,"47":0,"48":0,"49":0,"50":0,"51":0,"52":0,"53":0,"54":0,"55":0,"56":0,"57":0},"f":{"0":0,"1":0,"2":0,"3":0,"4":0,"5":0,"6":0,"7":0,"8":0,"9":0,"10":0,"11":0,"12":0,"13":0,"14":0,"15":0,"16":0,"17":0,"18":0,"19":0,"20":0,"21":0,"22":0},"b":{"0":[0,0],"1":[0,0],"2":[0,0],"3":[0,0],"4":[0,0],"5":[0,0],"6":[0,0]}}
,"/var/www/fullstackopen/frontend/src/components/Note.js": {"path":"/var/www/fullstackopen/frontend/src/components/Note.js","statementMap":{"0":{"start":{"line":1,"column":13},"end":{"line":12,"column":1}},"1":{"start":{"line":2,"column":16},"end":{"line":4,"column":22}},"2":{"start":{"line":6,"column":2},"end":{"line":11,"column":3}}},"fnMap":{"0":{"name":"(anonymous_0)","decl":{"start":{"line":1,"column":13},"end":{"line":1,"column":14}},"loc":{"start":{"line":1,"column":45},"end":{"line":12,"column":1}},"line":1}},"branchMap":{"0":{"loc":{"start":{"line":2,"column":16},"end":{"line":4,"column":22}},"type":"cond-expr","locations":[{"start":{"line":3,"column":6},"end":{"line":3,"column":26}},{"start":{"line":4,"column":6},"end":{"line":4,"column":22}}],"line":2}},"s":{"0":1,"1":2,"2":2},"f":{"0":2},"b":{"0":[2,0]},"_coverageSchema":"1a1c01bbd47fc00a2c39e90264f33305004495a9","hash":"3d0963a4102d4994384578541dc6d24b2029b0b1"}
,"/var/www/fullstackopen/frontend/src/components/Togglable.js": {"path":"/var/www/fullstackopen/frontend/src/components/Togglable.js","statementMap":{"0":{"start":{"line":5,"column":18},"end":{"line":31,"column":2}},"1":{"start":{"line":6,"column":32},"end":{"line":6,"column":47}},"2":{"start":{"line":8,"column":26},"end":{"line":8,"column":59}},"3":{"start":{"line":9,"column":26},"end":{"line":9,"column":59}},"4":{"start":{"line":11,"column":27},"end":{"line":11,"column":53}},"5":{"start":{"line":11,"column":33},"end":{"line":11,"column":53}},"6":{"start":{"line":13,"column":2},"end":{"line":17,"column":4}},"7":{"start":{"line":14,"column":4},"end":{"line":16,"column":5}},"8":{"start":{"line":19,"column":2},"end":{"line":30,"column":3}},"9":{"start":{"line":33,"column":0},"end":{"line":33,"column":35}},"10":{"start":{"line":35,"column":0},"end":{"line":37,"column":1}}},"fnMap":{"0":{"name":"(anonymous_0)","decl":{"start":{"line":5,"column":29},"end":{"line":5,"column":30}},"loc":{"start":{"line":5,"column":63},"end":{"line":31,"column":1}},"line":5},"1":{"name":"(anonymous_1)","decl":{"start":{"line":11,"column":27},"end":{"line":11,"column":28}},"loc":{"start":{"line":11,"column":33},"end":{"line":11,"column":53}},"line":11},"2":{"name":"(anonymous_2)","decl":{"start":{"line":13,"column":27},"end":{"line":13,"column":28}},"loc":{"start":{"line":13,"column":33},"end":{"line":17,"column":3}},"line":13}},"branchMap":{"0":{"loc":{"start":{"line":8,"column":37},"end":{"line":8,"column":58}},"type":"cond-expr","locations":[{"start":{"line":8,"column":47},"end":{"line":8,"column":53}},{"start":{"line":8,"column":56},"end":{"line":8,"column":58}}],"line":8},"1":{"loc":{"start":{"line":9,"column":37},"end":{"line":9,"column":58}},"type":"cond-expr","locations":[{"start":{"line":9,"column":47},"end":{"line":9,"column":49}},{"start":{"line":9,"column":52},"end":{"line":9,"column":58}}],"line":9}},"s":{"0":1,"1":7,"2":7,"3":7,"4":7,"5":3,"6":7,"7":0,"8":7,"9":1,"10":1},"f":{"0":7,"1":3,"2":0},"b":{"0":[2,5],"1":[2,5]},"_coverageSchema":"1a1c01bbd47fc00a2c39e90264f33305004495a9","hash":"598d60976a9079b480461defe99c627a8f8c7618"}
}
