TN:
SF:src/App.js
FN:8,(anonymous_0)
FN:20,(anonymous_1)
FN:23,(anonymous_2)
FN:29,(anonymous_3)
FN:40,(anonymous_4)
FN:42,(anonymous_5)
FN:43,(anonymous_6)
FN:44,(anonymous_7)
FN:49,(anonymous_8)
FN:70,(anonymous_9)
FN:77,(anonymous_10)
FN:83,(anonymous_11)
FN:84,(anonymous_12)
FN:89,(anonymous_13)
FN:90,(anonymous_14)
FN:92,(anonymous_15)
FN:96,(anonymous_16)
FN:104,(anonymous_17)
FN:132,(anonymous_18)
FN:135,(anonymous_19)
FN:144,(anonymous_20)
FN:152,(anonymous_21)
FN:156,(anonymous_22)
FNF:23
FNH:0
FNDA:0,(anonymous_0)
FNDA:0,(anonymous_1)
FNDA:0,(anonymous_2)
FNDA:0,(anonymous_3)
FNDA:0,(anonymous_4)
FNDA:0,(anonymous_5)
FNDA:0,(anonymous_6)
FNDA:0,(anonymous_7)
FNDA:0,(anonymous_8)
FNDA:0,(anonymous_9)
FNDA:0,(anonymous_10)
FNDA:0,(anonymous_11)
FNDA:0,(anonymous_12)
FNDA:0,(anonymous_13)
FNDA:0,(anonymous_14)
FNDA:0,(anonymous_15)
FNDA:0,(anonymous_16)
FNDA:0,(anonymous_17)
FNDA:0,(anonymous_18)
FNDA:0,(anonymous_19)
FNDA:0,(anonymous_20)
FNDA:0,(anonymous_21)
FNDA:0,(anonymous_22)
DA:8,0
DA:10,0
DA:12,0
DA:13,0
DA:14,0
DA:15,0
DA:16,0
DA:17,0
DA:20,0
DA:21,0
DA:23,0
DA:24,0
DA:25,0
DA:29,0
DA:30,0
DA:32,0
DA:33,0
DA:34,0
DA:35,0
DA:40,0
DA:41,0
DA:43,0
DA:45,0
DA:49,0
DA:50,0
DA:53,0
DA:54,0
DA:59,0
DA:63,0
DA:65,0
DA:66,0
DA:67,0
DA:69,0
DA:70,0
DA:71,0
DA:77,0
DA:78,0
DA:79,0
DA:80,0
DA:83,0
DA:84,0
DA:85,0
DA:87,0
DA:90,0
DA:93,0
DA:96,0
DA:97,0
DA:102,0
DA:104,0
DA:107,0
DA:132,0
DA:135,0
DA:144,0
DA:153,0
DA:156,0
LF:55
LH:0
BRDA:32,0,0,0
BRDA:32,0,1,0
BRDA:90,1,0,0
BRDA:90,1,1,0
BRDA:102,2,0,0
BRDA:102,2,1,0
BRDA:111,3,0,0
BRDA:111,3,1,0
BRDA:113,4,0,0
BRDA:113,4,1,0
BRDA:116,5,0,0
BRDA:116,5,1,0
BRDA:145,6,0,0
BRDA:145,6,1,0
BRF:14
BRH:0
end_of_record
TN:
SF:src/components/Note.js
FN:1,(anonymous_0)
FNF:1
FNH:1
FNDA:2,(anonymous_0)
DA:1,1
DA:2,2
DA:6,2
LF:3
LH:3
BRDA:2,0,0,2
BRDA:2,0,1,0
BRF:2
BRH:1
end_of_record
TN:
SF:src/components/Togglable.js
FN:5,(anonymous_0)
FN:11,(anonymous_1)
FN:13,(anonymous_2)
FNF:3
FNH:2
FNDA:7,(anonymous_0)
FNDA:3,(anonymous_1)
FNDA:0,(anonymous_2)
DA:5,1
DA:6,7
DA:8,7
DA:9,7
DA:11,7
DA:13,7
DA:14,0
DA:19,7
DA:33,1
DA:35,1
LF:10
LH:9
BRDA:8,0,0,2
BRDA:8,0,1,5
BRDA:9,1,0,2
BRDA:9,1,1,5
BRF:4
BRH:4
end_of_record
